<?xml version="1.0" encoding="UTF-8"?>
<!-- Generated by org.testng.reporters.JUnitReportReporter -->
<testsuite hostname="DESKTOP-RAK5B3A" failures="0" tests="4" name="org.example.testRunner.Runner" time="53.555" errors="0" timestamp="2023-03-30T19:45:42 EET" skipped="0">
  <testcase classname="org.example.testRunner.Runner" name="runScenario" time="16.620"/>
  <system-out/>
  <testcase classname="org.example.testRunner.Runner" name="runScenario" time="19.093"/>
  <system-out/>
  <testcase classname="org.example.testRunner.Runner" name="runScenario" time="9.288"/>
  <system-out/>
  <testcase classname="org.example.testRunner.Runner" name="runScenario" time="8.554"/>
  <system-out/>
</testsuite> <!-- org.example.testRunner.Runner -->
